2025-11-14 16:25:48 [error] "GetAllProduct [Error: "unknown top level operator: $regex. If you have a field name that starts with a '$' symbol, consider using $getField or $setField."]"
2025-11-14 16:28:30 [error] "GetAllProduct [Error: "Cast to string failed for value "{}" (type Object) at path "name" for model "Product""]"
2025-11-14 16:29:40 [info] "Product list successfully received."
2025-11-14 16:30:14 [info] "Product list successfully received."
2025-11-14 16:32:08 [error] "User is not logged in."
2025-11-14 16:32:08 [error] "Middleware malfunction. [Error: "jwt must be provided"]"
2025-11-14 16:32:12 [info] "User login in successfull."
2025-11-14 16:32:16 [info] "Product is successfully registered."
2025-11-14 16:32:30 [info] "Product list successfully received."
2025-11-14 16:32:42 [info] "Product list successfully received."
2025-11-14 16:32:59 [info] "Product list successfully received."
2025-11-14 16:33:38 [info] "Product list successfully received."
2025-11-14 16:33:45 [info] "Product list successfully received."
2025-11-14 16:34:49 [info] "Product list successfully received."
2025-11-14 16:35:00 [error] "GetAllProduct [Error: "Parameter "filter" to find() must be an object, got "samsung" (type string)"]"
2025-11-14 16:35:22 [info] "Product list successfully received."
2025-11-14 16:35:35 [info] "Product list successfully received."
2025-11-14 16:36:06 [info] "Product list successfully received."
2025-11-14 16:37:20 [info] "Product list successfully received."
2025-11-14 16:37:30 [info] "Product list successfully received."
2025-11-14 16:38:18 [info] "Product list successfully received."
2025-11-14 16:38:26 [info] "Product list successfully received."
2025-11-14 16:47:07 [error] "GetAllProduct [Error: "Invalid sort value: { price: 1 }"]"
2025-11-14 16:47:39 [info] "Product list successfully received."
2025-11-14 16:47:46 [info] "Product list successfully received."
2025-11-14 16:53:23 [info] "Product is successfully registered."
2025-11-14 16:53:28 [info] "Product list successfully received."
2025-11-14 16:53:36 [info] "Product list successfully received."
2025-11-14 16:53:45 [info] "Product list successfully received."
2025-11-14 16:54:23 [info] "Product list successfully received."
2025-11-14 16:54:52 [info] "Product list successfully received."
2025-11-14 16:55:41 [info] "Product list successfully received."
2025-11-14 16:55:47 [info] "Product list successfully received."
2025-11-14 16:56:03 [info] "Product list successfully received."
2025-11-14 16:56:16 [info] "Product list successfully received."
2025-11-14 16:56:34 [info] "Product list successfully received."
2025-11-14 17:00:10 [error] "GetAllProduct [Error: "Product.find(...).skip(...).limit(...).sort(...).filter is not a function"]"
2025-11-14 17:00:27 [info] "Product list successfully received."
2025-11-14 17:00:47 [info] "Product list successfully received."
2025-11-14 17:01:53 [info] "Product list successfully received."
2025-11-14 17:05:46 [info] "Product list successfully received."
2025-11-14 17:06:19 [info] "Product list successfully received."
2025-11-14 17:06:38 [info] "Product list successfully received."
2025-11-14 17:06:47 [info] "Product list successfully received."
2025-11-14 17:06:54 [info] "Product list successfully received."
2025-11-14 17:06:58 [info] "Product list successfully received."
2025-11-14 17:07:10 [info] "Product list successfully received."
2025-11-14 17:07:21 [info] "Product list successfully received."
2025-11-14 17:07:32 [info] "Product list successfully received."
2025-11-14 17:07:43 [info] "Product list successfully received."
2025-11-14 17:08:29 [info] "Product list successfully received."
2025-11-14 17:08:35 [info] "Product list successfully received."
2025-11-14 17:08:47 [info] "Product list successfully received."
2025-11-14 17:11:53 [info] "Product list successfully received."
2025-11-14 17:12:01 [info] "User login in successfull."
